<?xml version="1.0" encoding="UTF-8"?>
<testng-results ignored="0" total="2" passed="2" failed="0" skipped="0">
  <reporter-output>
  </reporter-output>
  <suite started-at="2024-10-20T12:01:19 EEST" name="Default suite" finished-at="2024-10-20T12:01:21 EEST" duration-ms="1221">
    <groups>
    </groups>
    <test started-at="2024-10-20T12:01:19 EEST" name="Default test" finished-at="2024-10-20T12:01:21 EEST" duration-ms="1221">
      <class name="testcases.TC11LoginWithInvalidEmail">
        <test-method is-config="true" signature="browser()[pri:0, instance:testcases.TC11LoginWithInvalidEmail@2805d709]" started-at="2024-10-20T12:01:14 EEST" name="browser" finished-at="2024-10-20T12:01:19 EEST" duration-ms="5246" status="PASS">
          <reporter-output>
          </reporter-output>
        </test-method> <!-- browser -->
        <test-method signature="userRegister()[pri:1, instance:testcases.TC11LoginWithInvalidEmail@2805d709]" started-at="2024-10-20T12:01:19 EEST" name="userRegister" finished-at="2024-10-20T12:01:20 EEST" duration-ms="539" status="PASS">
          <reporter-output>
          </reporter-output>
        </test-method> <!-- userRegister -->
        <test-method signature="login()[pri:5, instance:testcases.TC11LoginWithInvalidEmail@2805d709]" started-at="2024-10-20T12:01:20 EEST" name="login" finished-at="2024-10-20T12:01:21 EEST" duration-ms="645" status="PASS">
          <reporter-output>
          </reporter-output>
        </test-method> <!-- login -->
      </class> <!-- testcases.TC11LoginWithInvalidEmail -->
    </test> <!-- Default test -->
  </suite> <!-- Default suite -->
</testng-results>
